[     740ms] Uncaught (in promise) Error: Minified React error #200; visit https://reactjs.org/docs/error-decoder.html?invariant=200 for the full message or use the non-minified dev environment for full errors and additional helpful warnings.
    at n.render (https://img9.doubanio.com/cuphead/federation/961.js:8:27993)
    at 693 (https://img1.doubanio.com/cuphead/movie-static/updated_progress/693.c.feeab.a.js:0:35858)
    at p (https://img1.doubanio.com/cuphead/movie-static/updated_progress/index.f7790.js:0:802)
[     768ms] [WARNING] An iframe which has both allow-scripts and allow-same-origin for its sandbox attribute can escape its sandboxing. @ https://img1.doubanio.com/bzUwcHVpNi9mL2FkanMvY2JhMmMxMTUwZWVmMGUzNjQ5YjdkNDlhOTViMTFjOTZjYzg3ZGM2MC9hZC5yZWxlYXNlLmpz?company_token=kX69T8w1wyOE-dale:1
[     775ms] [WARNING] [Warning]: dale_movie_subject_banner_after_intro content is empty @ https://img1.doubanio.com/bzUwcHVpNi9mL2FkanMvY2JhMmMxMTUwZWVmMGUzNjQ5YjdkNDlhOTViMTFjOTZjYzg3ZGM2MC9hZC5yZWxlYXNlLmpz?company_token=kX69T8w1wyOE-dale:1
[     775ms] [WARNING] [Warning]: dale_subject_right_guess_you_like content is empty @ https://img1.doubanio.com/bzUwcHVpNi9mL2FkanMvY2JhMmMxMTUwZWVmMGUzNjQ5YjdkNDlhOTViMTFjOTZjYzg3ZGM2MC9hZC5yZWxlYXNlLmpz?company_token=kX69T8w1wyOE-dale:1
[     776ms] [WARNING] [Warning]: dale_movie_subject_hovering_video content is empty @ https://img1.doubanio.com/bzUwcHVpNi9mL2FkanMvY2JhMmMxMTUwZWVmMGUzNjQ5YjdkNDlhOTViMTFjOTZjYzg3ZGM2MC9hZC5yZWxlYXNlLmpz?company_token=kX69T8w1wyOE-dale:1
[    7522ms] [ERROR] [GDTAdSdk]: loadNativeAdData failed GDTError: Match no ad. Please DON'T retry immediately.
    at LocalPlugin.loadNativeAdData (https://qzs.gdtimg.com/union/res/pc/ylh-pc-ad-sdk.v1.29.29.js:44:64117)
    at async SDKAdapter.execute (https://qzs.gdtimg.com/union/res/pc/ylh-pc-ad-sdk.v1.29.29.js:44:64659)
    at async Proxy.loadNativeAdData (https://qzs.gdtimg.com/union/res/pc/ylh-pc-ad-sdk.v1.29.29.js:44:66446) @ :213
[    8603ms] [ERROR] Failed to load resource: net::ERR_CONNECTION_RESET @ https://localhost.weixin.qq.com:14017/wx_game_base/api/business:0
[    8603ms] [ERROR] Failed to load resource: net::ERR_CONNECTION_RESET @ https://localhost.weixin.qq.com:14016/wx_game_base/api/business:0
[    8604ms] [ERROR] Failed to load resource: net::ERR_CONNECTION_RESET @ https://localhost.weixin.qq.com:14018/wx_game_base/api/business:0
[    8604ms] [ERROR] Failed to load resource: net::ERR_CONNECTION_RESET @ https://localhost.weixin.qq.com:13018/wx_game_base/api/business:0
[    8604ms] [ERROR] Failed to load resource: net::ERR_CONNECTION_RESET @ https://localhost.weixin.qq.com:13016/wx_game_base/api/business:0
[    8618ms] [ERROR] Error: timeout
    at https://game.weixin.qq.com/cgi-bin/minigame/static/pc-gamesdk-alpha/wxgamesdkframe.html:1:9167
    at Generator.throw (<anonymous>)
    at a (https://game.weixin.qq.com/cgi-bin/minigame/static/pc-gamesdk-alpha/wxgamesdkframe.html:1:7941) @ https://game.weixin.qq.com/cgi-bin/minigame/static/pc-gamesdk-alpha/wxgamesdkframe.html:0
[    8618ms] [ERROR] Failed to load resource: net::ERR_CONNECTION_RESET @ https://localhost.weixin.qq.com:13017/wx_game_base/api/business:0
[   11556ms] [ERROR] Failed to load resource: net::ERR_CONNECTION_RESET @ https://localhost.weixin.qq.com:14018/wx_game_base/api/business:0
[   11556ms] [ERROR] Failed to load resource: net::ERR_CONNECTION_RESET @ https://localhost.weixin.qq.com:13018/wx_game_base/api/business:0
[   11557ms] [ERROR] Failed to load resource: net::ERR_CONNECTION_RESET @ https://localhost.weixin.qq.com:14017/wx_game_base/api/business:0
[   11557ms] [ERROR] Failed to load resource: net::ERR_CONNECTION_RESET @ https://localhost.weixin.qq.com:13017/wx_game_base/api/business:0
[   11557ms] [ERROR] Failed to load resource: net::ERR_CONNECTION_RESET @ https://localhost.weixin.qq.com:13016/wx_game_base/api/business:0
[   11557ms] [ERROR] Error: timeout
    at https://game.weixin.qq.com/cgi-bin/minigame/static/pc-gamesdk-alpha/wxgamesdkframe.html:1:9167
    at Generator.throw (<anonymous>)
    at a (https://game.weixin.qq.com/cgi-bin/minigame/static/pc-gamesdk-alpha/wxgamesdkframe.html:1:7941) @ https://game.weixin.qq.com/cgi-bin/minigame/static/pc-gamesdk-alpha/wxgamesdkframe.html:0
[   11558ms] [ERROR] Failed to load resource: net::ERR_CONNECTION_RESET @ https://localhost.weixin.qq.com:14016/wx_game_base/api/business:0
